Log file open, 06/09/17 14:58:11
LogInit:Display: Running engine for game: Bounce
LogPlatformFile: Not using cached read wrapper
LogInit:Display: RandInit(-56755783) SRandInit(-56755783).
LogTaskGraph: Started task graph with 5 named threads and 8 total threads with 1 sets of task threads.
LogStats: Stats thread started at 0.097556
LogInit: Using libcurl 7.47.1
LogInit:  - built for x86_64-pc-win32
LogInit:  - supports SSL with OpenSSL/1.0.2g
LogInit:  - supports HTTP deflate (compression) using libz 1.2.8
LogInit:  - other features:
LogInit:      CURL_VERSION_SSL
LogInit:      CURL_VERSION_LIBZ
LogInit:      CURL_VERSION_IPV6
LogInit:      CURL_VERSION_ASYNCHDNS
LogInit:      CURL_VERSION_LARGEFILE
LogInit:      CURL_VERSION_IDN
LogInit:  CurlRequestOptions (configurable via config and command line):
LogInit:  - bVerifyPeer = false  - Libcurl will NOT verify peer certificate
LogInit:  - bUseHttpProxy = true  - Libcurl will use HTTP proxy
LogInit:  - HttpProxyAddress = '192.168.0.15:3128'
LogInit:  - bDontReuseConnections = false  - Libcurl will reuse connections
LogInit:  - CertBundlePath = nullptr  - Libcurl will use whatever was configured at build time.
LogInit: Build: ++UE4+Release-4.15-CL-3416026
LogInit: Engine Version: 4.15.2-3416026+++UE4+Release-4.15
LogInit: Compatible Engine Version: 4.15.0-3299760+++UE4+Release-4.15
LogInit: Net CL: 3299760
LogDevObjectVersion: Number of dev versions registered: 14
LogDevObjectVersion:   Dev-Blueprints (B0D832E4-1F89-4F0D-ACCF-7EB736FD4AA2): 8
LogDevObjectVersion:   Dev-Build (E1C64328-A22C-4D53-A36C-8E866417BD8C): 0
LogDevObjectVersion:   Dev-Core (375EC13C-06E4-48FB-B500-84F0262A717E): 2
LogDevObjectVersion:   Dev-Editor (E4B068ED-F494-42E9-A231-DA0B2E46BB41): 14
LogDevObjectVersion:   Dev-Framework (CFFC743F-43B0-4480-9391-14DF171D2073): 22
LogDevObjectVersion:   Dev-Mobile (B02B49B5-BB20-44E9-A304-32B752E40360): 0
LogDevObjectVersion:   Dev-Networking (A4E4105C-59A1-49B5-A7C5-40C4547EDFEE): 0
LogDevObjectVersion:   Dev-Online (39C831C9-5AE6-47DC-9A44-9C173E1C8E7C): 0
LogDevObjectVersion:   Dev-Physics (78F01B33-EBEA-4F98-B9B4-84EACCB95AA2): 0
LogDevObjectVersion:   Dev-Platform (6631380F-2D4D-43E0-8009-CF276956A95A): 0
LogDevObjectVersion:   Dev-Rendering (12F88B9F-8875-4AFC-A67C-D90C383ABD29): 12
LogDevObjectVersion:   Dev-Sequencer (7B5AE74C-D270-4C10-A958-57980B212A5A): 3
LogDevObjectVersion:   Dev-VR (D7296918-1DD6-4BDD-9DE2-64A83CC13884): 0
LogDevObjectVersion:   Dev-LoadTimes (C2A15278-BFE7-4AFE-6C17-90FF531DF755): 1
LogInit: Compiled (64-bit): May  1 2017 13:11:28
LogInit: Compiled with Visual C++: 19.00.23026.00
LogInit: Build Configuration: Development
LogInit: Branch Name: ++UE4+Release-4.15
LogInit: Command line: 
LogInit: Base directory: C:/Program Files/UE_4.15/Engine/Binaries/Win64/
LogInit: Installed Engine Build: 1
LogInit: Presizing for max 8388607 objects, including 0 objects not considered by GC, pre-allocating 0 bytes for permanent pool.
LogInit: Object subsystem initialized
[2017.06.09-07.58.13:199][  0]LogInit: Selected Device Profile: [Windows]
[2017.06.09-07.58.13:199][  0]LogInit: Applying CVar settings loaded from the selected device profile: [Windows]
[2017.06.09-07.58.13:415][  0]LogInit: Computer: ZHEL_PROG_3
[2017.06.09-07.58.13:415][  0]LogInit: User: sderbenev
[2017.06.09-07.58.13:415][  0]LogInit: CPU Page size=65536, Cores=4
[2017.06.09-07.58.13:415][  0]LogInit: High frequency timer resolution =3.124094 MHz
[2017.06.09-07.58.13:415][  0]LogMemory: Memory total: Physical=3.7GB (4GB approx)
[2017.06.09-07.58.13:415][  0]LogMemory: Platform Memory Stats for Windows
[2017.06.09-07.58.13:415][  0]LogMemory: Process Physical Memory: 262.11 MB used, 262.11 MB peak
[2017.06.09-07.58.13:415][  0]LogMemory: Process Virtual Memory: 262.15 MB used, 262.15 MB peak
[2017.06.09-07.58.13:415][  0]LogMemory: Physical Memory: 3496.80 MB used,  275.51 MB free, 3772.31 MB total
[2017.06.09-07.58.13:415][  0]LogMemory: Virtual Memory: 644.05 MB used,  275.51 MB free, 134217728.00 MB total
[2017.06.09-07.58.14:509][  0]LogTextLocalizationManager: No translations for ('ru-RU') exist, falling back to 'en' for localization and internationalization data.
[2017.06.09-07.58.27:782][  0]LogD3D11RHI: D3D11 adapters:
[2017.06.09-07.58.27:789][  0]LogD3D11RHI:    0. 'Intel(R) HD Graphics 4600' (Feature Level 11_0)
[2017.06.09-07.58.27:789][  0]LogD3D11RHI:       112/0/1886 MB DedicatedVideo/DedicatedSystem/SharedSystem, Outputs:1, VendorId:0x8086
[2017.06.09-07.58.27:790][  0]LogD3D11RHI:    1. 'Microsoft Basic Render Driver' (Feature Level 11_0)
[2017.06.09-07.58.27:791][  0]LogD3D11RHI:       0/0/1886 MB DedicatedVideo/DedicatedSystem/SharedSystem, Outputs:0, VendorId:0x1414
[2017.06.09-07.58.27:791][  0]LogD3D11RHI: Chosen D3D11 Adapter: 0
[2017.06.09-07.58.27:795][  0]LogD3D11RHI: Creating new Direct3DDevice
[2017.06.09-07.58.27:795][  0]LogD3D11RHI:     GPU DeviceId: 0x412 (for the marketing name, search the web for "GPU Device Id")
[2017.06.09-07.58.27:795][  0]LogWindows: EnumDisplayDevices:
[2017.06.09-07.58.27:795][  0]LogWindows:    0. 'Intel(R) HD Graphics 4600' (P:1 D:1)
[2017.06.09-07.58.27:795][  0]LogWindows:    1. 'Intel(R) HD Graphics 4600' (P:0 D:0)
[2017.06.09-07.58.27:795][  0]LogWindows:    2. 'DameWare Development Mirror Driver 64-bit' (P:0 D:0)
[2017.06.09-07.58.27:795][  0]LogWindows: DebugString: GetVideoDriverDetailsInvalid PrimaryIsNotTheChoosenAdapter FoundDriverCount:2 
[2017.06.09-07.58.27:795][  0]LogD3D11RHI:     Adapter Name: Intel(R) HD Graphics 4600
[2017.06.09-07.58.27:795][  0]LogD3D11RHI:   Driver Version: 20.19.15.4531 (internal:20.19.15.4531, unified:20.19.15.4531)
[2017.06.09-07.58.27:795][  0]LogD3D11RHI:      Driver Date: 9-29-2016
[2017.06.09-07.58.27:795][  0]LogRHI: Texture pool is 738 MB (70% of 1055 MB)
[2017.06.09-07.58.27:800][  0]LogD3D11RHI: Async texture creation enabled
[2017.06.09-07.58.27:804][  0]LogD3D11RHI: GPU Timing Frequency: 12.500000 (Debug: 2 0)
[2017.06.09-07.58.27:805][  0]LogShaderCompilers: Guid format shader working directory is 22 characters bigger than the processId version (../../../../../temp/UE/Bounce/Intermediate/Shaders/WorkingDirectory/3896/).
[2017.06.09-07.58.27:805][  0]LogShaderCompilers: Cleaned the shader compiler working directory 'C:/Users/s.derbenev/AppData/Local/Temp/UnrealShaderWorkingDir/03EA86C84028558E718D45922C122779/'.
[2017.06.09-07.58.27:805][  0]LogShaderCompilers:Display: Using Local Shader Compiler.
[2017.06.09-07.58.37:193][  0]LogTemp:Display: Loaded TP AllDesktopTargetPlatform
[2017.06.09-07.58.37:343][  0]LogTemp:Display: Loaded TP MacClientTargetPlatform
[2017.06.09-07.58.37:452][  0]LogTemp:Display: Loaded TP MacNoEditorTargetPlatform
[2017.06.09-07.58.37:514][  0]LogTemp:Display: Loaded TP MacServerTargetPlatform
[2017.06.09-07.58.37:591][  0]LogTemp:Display: Loaded TP MacTargetPlatform
[2017.06.09-07.58.37:664][  0]LogTemp:Display: Loaded TP WindowsClientTargetPlatform
[2017.06.09-07.58.37:730][  0]LogTemp:Display: Loaded TP WindowsNoEditorTargetPlatform
[2017.06.09-07.58.37:793][  0]LogTemp:Display: Loaded TP WindowsServerTargetPlatform
[2017.06.09-07.58.37:857][  0]LogTemp:Display: Loaded TP WindowsTargetPlatform
[2017.06.09-07.58.37:942][  0]LogTemp:Display: Loaded TP AndroidTargetPlatform
[2017.06.09-07.58.38:011][  0]LogTemp:Display: Loaded TP Android_ASTCTargetPlatform
[2017.06.09-07.58.38:072][  0]LogTemp:Display: Loaded TP Android_ATCTargetPlatform
[2017.06.09-07.58.38:133][  0]LogTemp:Display: Loaded TP Android_DXTTargetPlatform
[2017.06.09-07.58.38:190][  0]LogTemp:Display: Loaded TP Android_ETC1TargetPlatform
[2017.06.09-07.58.38:257][  0]LogTemp:Display: Loaded TP Android_ETC2TargetPlatform
[2017.06.09-07.58.38:439][  0]LogTemp:Display: Loaded TP Android_MultiTargetPlatform
[2017.06.09-07.58.38:439][  0]LogTemp:Display: Loaded TP Android_PVRTCTargetPlatform
[2017.06.09-07.58.38:555][  0]LogTemp:Display: Loaded TP HTML5TargetPlatform
[2017.06.09-07.58.38:717][  0]LogTemp:Display: Loaded TP IOSTargetPlatform
[2017.06.09-07.58.38:774][  0]LogTemp:Display: Loaded TP TVOSTargetPlatform
[2017.06.09-07.58.38:896][  0]LogTemp:Display: Loaded TP LinuxClientTargetPlatform
[2017.06.09-07.58.38:988][  0]LogTemp:Display: Loaded TP LinuxNoEditorTargetPlatform
[2017.06.09-07.58.39:042][  0]LogTemp:Display: Loaded TP LinuxServerTargetPlatform
[2017.06.09-07.58.39:109][  0]LogTemp:Display: Loaded TP LinuxTargetPlatform
[2017.06.09-07.58.39:109][  0]LogTargetPlatformManager:Display: Building Assets For Windows
[2017.06.09-07.58.39:959][  0]LogDerivedDataCache:Display: Max Cache Size: 512 MB
[2017.06.09-07.58.40:405][  0]LogDerivedDataCache: Loaded boot cache 0.44s 50MB C:/Users/s.derbenev/AppData/Local/UnrealEngine/4.15/DerivedDataCache/Boot.ddc.
[2017.06.09-07.58.40:405][  0]LogDerivedDataCache:Display: Loaded Boot cache: C:/Users/s.derbenev/AppData/Local/UnrealEngine/4.15/DerivedDataCache/Boot.ddc
[2017.06.09-07.58.40:405][  0]LogDerivedDataCache: FDerivedDataBackendGraph:  Pak pak cache file ../../../../../temp/UE/Bounce/DerivedDataCache/DDC.ddp not found, will not use a pak cache.
[2017.06.09-07.58.40:405][  0]LogDerivedDataCache: Unable to find inner node Pak for hierarchical cache Hierarchy.
[2017.06.09-07.58.40:405][  0]LogDerivedDataCache: FDerivedDataBackendGraph:  CompressedPak pak cache file ../../../../../temp/UE/Bounce/DerivedDataCache/Compressed.ddp not found, will not use a pak cache.
[2017.06.09-07.58.40:405][  0]LogDerivedDataCache: Unable to find inner node CompressedPak for hierarchical cache Hierarchy.
[2017.06.09-07.58.40:433][  0]LogDerivedDataCache:Display: Pak cache opened for reading ../../../Engine/DerivedDataCache/Compressed.ddp.
[2017.06.09-07.58.40:445][  0]LogDerivedDataCache: Using Local data cache path C:/Users/s.derbenev/AppData/Local/UnrealEngine/Common/DerivedDataCache: Writable
[2017.06.09-07.58.40:454][  0]LogSlate: Using Freetype 2.6.0
[2017.06.09-07.58.40:480][  0]LogSlate: SlateFontCache - WITH_FREETYPE: 1, WITH_HARFBUZZ: 1
[2017.06.09-07.58.40:480][  0]LogSlate: SlateFontCache - WITH_FREETYPE: 1, WITH_HARFBUZZ: 1
[2017.06.09-07.58.45:953][  0]LogInit: Selected Device Profile: [Windows]
[2017.06.09-07.58.45:956][  0]LogContentStreaming: Texture pool size is 0.00 MB
[2017.06.09-07.58.46:193][  0]LogMeshUtilities: Using QuadricMeshReduction for automatic static mesh reduction
[2017.06.09-07.58.46:301][  0]LogSimplygon: Simplygon DLL not present - disabling.
[2017.06.09-07.58.46:357][  0]LogMeshUtilities: Using SimplygonSwarm for distributed automatic mesh merging
[2017.06.09-07.58.46:357][  0]LogMeshUtilities: No automatic skeletal mesh reduction module available
[2017.06.09-07.58.46:357][  0]LogMeshUtilities: No automatic mesh merging module available
[2017.06.09-07.58.47:014][  0]LogNetVersion: GetLocalNetworkVersion: CL: 3299760, ProjectName: bounce, ProjectVersion: , EngineNetworkVersion: 2, GameNetworkVersion: 0, NetworkChecksum: 469140123
[2017.06.09-07.58.47:073][  0]LogAssetRegistry: FAssetRegistry took 0.0223 seconds to start up
[2017.06.09-07.58.47:317][  0]LogPackageLocalizationCache: Processed 3 localized package path(s) for 1 prioritized culture(s) in 0.222470 seconds
[2017.06.09-07.58.47:322][  0]LogUObjectArray: 32493 objects as part of root set at end of initial load.
[2017.06.09-07.58.47:323][  0]LogUObjectAllocator: 7077032 out of 0 bytes used by permanent object pool.
[2017.06.09-07.58.47:323][  0]LogUObjectArray: CloseDisregardForGC: 0/0 objects in disregard for GC pool
[2017.06.09-07.58.47:391][  0]LogInit: WinSock: version 1.1 (2.2), MaxSocks=32767, MaxUdp=65467
[2017.06.09-07.59.06:614][  0]LogTcpMessaging: Initializing TcpMessaging bridge
[2017.06.09-07.59.06:669][  0]LogUdpMessaging: Initializing bridge on interface 0.0.0.0:0 to multicast group 230.0.0.1:6666.
[2017.06.09-07.59.07:914][  0]LogMaterial: Uniform references updated for custom material expression Custom.
[2017.06.09-07.59.08:423][  0]SourceControl: Info Source control is disabled
[2017.06.09-07.59.08:424][  0]SourceControl: Info Source control is disabled
[2017.06.09-07.59.08:500][  0]SourceControl: Info Source control is disabled
[2017.06.09-07.59.08:591][  0]SourceControl: Info Source control is disabled
[2017.06.09-07.59.10:789][  0]LogEngine: Initializing Engine...
[2017.06.09-07.59.10:790][  0]LogHMD: Failed to initialize OpenVR with code 110
[2017.06.09-07.59.10:896][  0]LogStats: UGameplayTagsManager::ConstructGameplayTagTree: Construct from data asset -  0.000 s
[2017.06.09-07.59.10:896][  0]LogStats: UGameplayTagsManager::ConstructGameplayTagTree: GameplayTagTreeChangedEvent.Broadcast -  0.000 s
[2017.06.09-07.59.11:047][  0]LogAIModule: Creating AISystem for world Untitled
[2017.06.09-07.59.11:071][  0]LogInit: XAudio2 using 'Динамики (Устройство с поддержкой High Definition Audio)' : 2 channels at 44.1 kHz using 16 bits per sample (channel mask 0x3)
[2017.06.09-07.59.11:109][  0]LogInit: FAudioDevice initialized.
[2017.06.09-07.59.11:141][  0]LogDerivedDataCache: Saved boot cache 0.03s 50MB C:/Users/s.derbenev/AppData/Local/UnrealEngine/4.15/DerivedDataCache/Boot.ddc.
[2017.06.09-07.59.11:150][  0]LogInit: Texture streaming: Enabled
[2017.06.09-07.59.11:340][  0]LogEngineSessionManager: EngineSessionManager initialized
[2017.06.09-07.59.11:508][  0]LogInit: Transaction tracking system initialized
[2017.06.09-07.59.12:231][  0]BlueprintLog: New page: Editor Load
[2017.06.09-07.59.13:905][  0]LocalizationService: Info Localization service is disabled
[2017.06.09-07.59.14:909][  0]LogConsoleResponse:Display: 
[2017.06.09-07.59.15:628][  0]LogFileCache: Scanning file cache for directory 'C:/temp/UE/Bounce/Content/' took 0.02s
[2017.06.09-07.59.15:628][  0]LogCook:Display: Max memory allowance for cook 16384mb min free memory 0mb
[2017.06.09-07.59.15:628][  0]LogCook:Display: Mobile HDR setting 0
[2017.06.09-07.59.18:183][  0]SourceControl: Info Source control is disabled
[2017.06.09-07.59.18:335][  0]LogSlate: Took 0.012422 seconds to synchronously load lazily loaded font '../../../Engine/Content/Slate/Fonts/Roboto-Regular.ttf' (155K)
[2017.06.09-08.00.57:976][  0]LogWindowsTextInputMethodSystem:Display: IME system now deactivated.
[2017.06.09-08.00.58:105][  0]LogWindowsTextInputMethodSystem:Display: IME system now deactivated.
[2017.06.09-08.01.07:735][  0]LogWindowsTextInputMethodSystem:Display: IME system now deactivated.
[2017.06.09-08.01.07:901][  0]LogWindowsTextInputMethodSystem:Display: IME system now deactivated.
[2017.06.09-08.01.07:902][  0]Cmd: MAP LOAD FILE="../../../Engine/Content/Maps/Templates/Template_Default.umap" TEMPLATE=1 SHOWPROGRESS=1 FEATURELEVEL=3
[2017.06.09-08.01.07:912][  0]LightingResults: New page: Lighting Build
[2017.06.09-08.01.07:978][  0]MapCheck: New page: Map Check
[2017.06.09-08.01.07:978][  0]LightingResults: New page: Lighting Build
[2017.06.09-08.01.08:229][  0]LogAIModule: Creating AISystem for world Untitled_1
[2017.06.09-08.01.08:255][  0]LogActorComponent: RegisterComponentWithWorld: (/Temp/Untitled_1.Untitled_1:PersistentLevel.WorldSettings_1.StaticMeshComponent0) Trying to register component with IsPendingKill() == true. Aborting.
[2017.06.09-08.01.08:275][  0]LogEditorServer: Finished looking for orphan Actors (0.000 secs)
[2017.06.09-08.01.08:279][  0]Cmd: MAP CHECKDEP NOCLEARLOG
[2017.06.09-08.01.08:331][  0]MapCheck: Info Map check complete: 0 Error(s), 0 Warning(s), took 51.129ms to complete.
[2017.06.09-08.01.08:331][  0]LogFileHelpers: Loading map 'Template_Default' took 0.429
[2017.06.09-08.01.09:208][  0]LogStats:Warning: MetaData mismatch. Did you assign a stat to two groups? New //STATGROUP_Threads//SplashScreenThread///Thread_2fa8_0///####STATCAT_Advanced#### old //STATGROUP_Threads//SplashScreenThread///Thread_24dc_0///####STATCAT_Advanced####
[2017.06.09-08.01.09:208][  0]LogCollectionManager: Loaded 0 collections in 0.002362 seconds
[2017.06.09-08.01.09:363][  0]LogFileCache: Scanning file cache for directory 'C:/temp/UE/Bounce/Saved/Collections/' took 0.01s
[2017.06.09-08.01.09:363][  0]LogFileCache: Scanning file cache for directory 'C:/temp/UE/Bounce/Content/Developers/sderbenev/Collections/' took 0.01s
[2017.06.09-08.01.09:363][  0]LogFileCache: Scanning file cache for directory 'C:/temp/UE/Bounce/Content/Collections/' took 0.01s
[2017.06.09-08.01.09:363][  0]LogCollectionManager: Rebuilt the GUID cache for 0 collections in 0.000011 seconds
[2017.06.09-08.01.09:396][  0]LogContentBrowser: Native class hierarchy populated in 0.0225 seconds. Added 2245 classes and 453 folders.
[2017.06.09-08.01.09:520][  0]LogContentBrowser: Native class hierarchy updated for 'WidgetCarousel' in 0.0005 seconds. Added 0 classes and 0 folders.
[2017.06.09-08.01.10:622][  0]LogContentBrowser: Native class hierarchy updated for 'AddContentDialog' in 0.0005 seconds. Added 0 classes and 0 folders.
[2017.06.09-08.01.10:740][  0]LogContentBrowser: Native class hierarchy updated for 'SceneOutliner' in 0.0005 seconds. Added 1 classes and 2 folders.
[2017.06.09-08.01.11:795][  0]LogCrashTracker: Crashtracker disabled due to settings.
[2017.06.09-08.01.11:943][  0]LogUObjectGlobals:Warning: Failed to find object 'Class None.'
[2017.06.09-08.01.12:083][  0]LogContentBrowser: Native class hierarchy updated for 'HierarchicalLODOutliner' in 0.0020 seconds. Added 1 classes and 2 folders.
[2017.06.09-08.01.12:083][  0]LogLoad: (Engine Initialization) Total time: 184.30 seconds
[2017.06.09-08.01.12:084][  0]LogLoad: (Engine Initialization) Total Blueprint compile time: 0.20 seconds
[2017.06.09-08.01.12:084][  0]LogExternalProfiler: No external profilers were discovered.  External profiling features will not be available.
[2017.06.09-08.01.12:424][  0]LogOcInput: OculusInput pre-init called
[2017.06.09-08.01.12:771][  0]LogContentStreaming: Texture pool size now 3000 MB
[2017.06.09-08.01.12:791][  0]LogSlate: Took 0.018958 seconds to synchronously load lazily loaded font '../../../Engine/Content/Slate/Fonts/Roboto-Bold.ttf' (160K)
[2017.06.09-08.01.12:863][  0]LogSlate: Took 0.039684 seconds to synchronously load lazily loaded font '../../../Engine/Content/Editor/Slate/Fonts/FontAwesome.ttf' (139K)
[2017.06.09-08.01.13:948][  0]LogRenderer: Reallocating scene render targets to support 1144x636 NumSamples 1 (Frame:2).
[2017.06.09-08.01.13:948][  0]LogSlate: Took 0.047544 seconds to synchronously load lazily loaded font '../../../Engine/Content/Slate/Fonts/Roboto-Light.ttf' (159K)
[2017.06.09-08.01.16:729][  2]LogAssetRegistry: Asset discovery search completed in 149.6786 seconds
[2017.06.09-08.01.16:729][  2]LogCollectionManager: Rebuilt the object cache for 0 collections in 0.000020 seconds (found 0 objects)
[2017.06.09-08.01.16:729][  2]LogCollectionManager: Fixed up redirectors for 0 collections in 0.000077 seconds (updated 0 objects)
[2017.06.09-08.01.16:772][  2]LogSlate: Took 0.001301 seconds to synchronously load lazily loaded font '../../../Engine/Content/Slate/Fonts/Roboto-Light.ttf' (159K)
[2017.06.09-08.01.33:156][163]LogSlate: Took 0.000602 seconds to synchronously load lazily loaded font '../../../Engine/Content/Slate/Fonts/Roboto-Light.ttf' (159K)
[2017.06.09-08.01.33:858][163]LogAIModule: Creating AISystem for world Level1
[2017.06.09-08.01.34:047][163]Cmd: MAP LOAD FILE="../../../../../temp/UE/Bounce/Content/Levels/Level1.umap" TEMPLATE=0 SHOWPROGRESS=1 FEATURELEVEL=3
[2017.06.09-08.01.34:047][163]LightingResults: New page: Lighting Build
[2017.06.09-08.01.34:048][163]LoadErrors: New page: Loading map: Level1.umap
[2017.06.09-08.01.34:049][163]MapCheck: New page: Map Check
[2017.06.09-08.01.34:049][163]LightingResults: New page: Lighting Build
[2017.06.09-08.01.34:253][163]LogEditorServer: Finished looking for orphan Actors (0.000 secs)
[2017.06.09-08.01.34:277][163]Cmd: MAP CHECKDEP NOCLEARLOG
[2017.06.09-08.01.34:318][163]MapCheck: Info Map check complete: 0 Error(s), 0 Warning(s), took 40.814ms to complete.
[2017.06.09-08.01.34:318][163]LogFileHelpers: Loading map 'Level1' took 0.291
[2017.06.09-08.01.44:878][317]LogRenderer: Reallocating scene render targets to support 1528x636 NumSamples 1 (Frame:289).
[2017.06.09-08.01.48:056][410]LogRenderer: Reallocating scene render targets to support 1528x924 NumSamples 1 (Frame:313).
[2017.06.09-08.02.13:877][945]LogHttp:Warning: 000001988D680D00: request failed, libcurl error: 35 (SSL connect error)
[2017.06.09-08.02.13:877][945]LogHttp:Warning: 000001988D680D00: libcurl info message cache 0 (Hostname in DNS cache was stale, zapped)
[2017.06.09-08.02.13:877][945]LogHttp:Warning: 000001988D680D00: libcurl info message cache 1 (  Trying 192.168.0.15...)
[2017.06.09-08.02.13:877][945]LogHttp:Warning: 000001988D680D00: libcurl info message cache 2 (Connected to 192.168.0.15 (192.168.0.15) port 3128 (#6))
[2017.06.09-08.02.13:877][945]LogHttp:Warning: 000001988D680D00: libcurl info message cache 3 (Establish HTTP proxy tunnel to datarouter.ol.epicgames.com:443)
[2017.06.09-08.02.13:877][945]LogHttp:Warning: 000001988D680D00: libcurl info message cache 4 (Proxy replied OK to CONNECT request)
[2017.06.09-08.02.13:877][945]LogHttp:Warning: 000001988D680D00: libcurl info message cache 5 (ALPN, offering http/1.1)
[2017.06.09-08.02.13:877][945]LogHttp:Warning: 000001988D680D00: libcurl info message cache 6 (Cipher selection: ALL:!EXPORT:!EXPORT40:!EXPORT56:!aNULL:!LOW:!RC4:@STRENGTH)
[2017.06.09-08.02.13:877][945]LogHttp:Warning: 000001988D680D00: libcurl info message cache 7 (TLSv1.2 (OUT), TLS header, Certificate Status (22):)
[2017.06.09-08.02.13:877][945]LogHttp:Warning: 000001988D680D00: libcurl info message cache 8 (TLSv1.2 (OUT), TLS handshake, Client hello (1):)
[2017.06.09-08.02.13:877][945]LogHttp:Warning: 000001988D680D00: libcurl info message cache 9 (TLSv1.2 (IN), TLS handshake, Server hello (2):)
[2017.06.09-08.02.13:877][945]LogHttp:Warning: 000001988D680D00: libcurl info message cache 10 (TLSv1.2 (IN), TLS handshake, Certificate (11):)
[2017.06.09-08.02.13:877][945]LogHttp:Warning: 000001988D680D00: libcurl info message cache 11 (TLSv1.2 (IN), TLS handshake, Server key exchange (12):)
[2017.06.09-08.02.13:877][945]LogHttp:Warning: 000001988D680D00: libcurl info message cache 12 (TLSv1.2 (IN), TLS handshake, Server finished (14):)
[2017.06.09-08.02.13:877][945]LogHttp:Warning: 000001988D680D00: libcurl info message cache 13 (TLSv1.2 (OUT), TLS handshake, Client key exchange (16):)
[2017.06.09-08.02.13:877][945]LogHttp:Warning: 000001988D680D00: libcurl info message cache 14 (TLSv1.2 (OUT), TLS change cipher, Client hello (1):)
[2017.06.09-08.02.13:877][945]LogHttp:Warning: 000001988D680D00: libcurl info message cache 15 (TLSv1.2 (OUT), TLS handshake, Finished (20):)
[2017.06.09-08.02.13:877][945]LogHttp:Warning: 000001988D680D00: libcurl info message cache 16 (TLSv1.2 (OUT), TLS alert, Server hello (2):)
[2017.06.09-08.02.13:877][945]LogHttp:Warning: 000001988D680D00: libcurl info message cache 17 (error:1408F10B:SSL routines:SSL3_GET_RECORD:wrong version number)
[2017.06.09-08.02.13:877][945]LogHttp:Warning: 000001988D680D00: libcurl info message cache 18 (Closing connection 6)
[2017.06.09-08.03.13:316][471]LogHttp:Warning: 00000198F7864E80: request failed, libcurl error: 35 (SSL connect error)
[2017.06.09-08.03.13:316][471]LogHttp:Warning: 00000198F7864E80: libcurl info message cache 0 (Hostname in DNS cache was stale, zapped)
[2017.06.09-08.03.13:316][471]LogHttp:Warning: 00000198F7864E80: libcurl info message cache 1 (  Trying 192.168.0.15...)
[2017.06.09-08.03.13:316][471]LogHttp:Warning: 00000198F7864E80: libcurl info message cache 2 (Connected to 192.168.0.15 (192.168.0.15) port 3128 (#7))
[2017.06.09-08.03.13:316][471]LogHttp:Warning: 00000198F7864E80: libcurl info message cache 3 (Establish HTTP proxy tunnel to datarouter.ol.epicgames.com:443)
[2017.06.09-08.03.13:316][471]LogHttp:Warning: 00000198F7864E80: libcurl info message cache 4 (Proxy replied OK to CONNECT request)
[2017.06.09-08.03.13:316][471]LogHttp:Warning: 00000198F7864E80: libcurl info message cache 5 (ALPN, offering http/1.1)
[2017.06.09-08.03.13:316][471]LogHttp:Warning: 00000198F7864E80: libcurl info message cache 6 (Cipher selection: ALL:!EXPORT:!EXPORT40:!EXPORT56:!aNULL:!LOW:!RC4:@STRENGTH)
[2017.06.09-08.03.13:316][471]LogHttp:Warning: 00000198F7864E80: libcurl info message cache 7 (TLSv1.2 (OUT), TLS header, Certificate Status (22):)
[2017.06.09-08.03.13:316][471]LogHttp:Warning: 00000198F7864E80: libcurl info message cache 8 (TLSv1.2 (OUT), TLS handshake, Client hello (1):)
[2017.06.09-08.03.13:316][471]LogHttp:Warning: 00000198F7864E80: libcurl info message cache 9 (TLSv1.2 (IN), TLS handshake, Server hello (2):)
[2017.06.09-08.03.13:316][471]LogHttp:Warning: 00000198F7864E80: libcurl info message cache 10 (TLSv1.2 (IN), TLS handshake, Certificate (11):)
[2017.06.09-08.03.13:316][471]LogHttp:Warning: 00000198F7864E80: libcurl info message cache 11 (TLSv1.2 (IN), TLS handshake, Server key exchange (12):)
[2017.06.09-08.03.13:316][471]LogHttp:Warning: 00000198F7864E80: libcurl info message cache 12 (TLSv1.2 (IN), TLS handshake, Server finished (14):)
[2017.06.09-08.03.13:316][471]LogHttp:Warning: 00000198F7864E80: libcurl info message cache 13 (TLSv1.2 (OUT), TLS handshake, Client key exchange (16):)
[2017.06.09-08.03.13:316][471]LogHttp:Warning: 00000198F7864E80: libcurl info message cache 14 (TLSv1.2 (OUT), TLS change cipher, Client hello (1):)
[2017.06.09-08.03.13:316][471]LogHttp:Warning: 00000198F7864E80: libcurl info message cache 15 (TLSv1.2 (OUT), TLS handshake, Finished (20):)
[2017.06.09-08.03.13:316][471]LogHttp:Warning: 00000198F7864E80: libcurl info message cache 16 (TLSv1.2 (OUT), TLS alert, Server hello (2):)
[2017.06.09-08.03.13:316][471]LogHttp:Warning: 00000198F7864E80: libcurl info message cache 17 (error:1408F10B:SSL routines:SSL3_GET_RECORD:wrong version number)
[2017.06.09-08.03.13:316][471]LogHttp:Warning: 00000198F7864E80: libcurl info message cache 18 (Closing connection 7)
[2017.06.09-08.05.14:312][834]LogHttp:Warning: 00000198F7867B80: request failed, libcurl error: 35 (SSL connect error)
[2017.06.09-08.05.14:312][834]LogHttp:Warning: 00000198F7867B80: libcurl info message cache 0 (Hostname in DNS cache was stale, zapped)
[2017.06.09-08.05.14:312][834]LogHttp:Warning: 00000198F7867B80: libcurl info message cache 1 (  Trying 192.168.0.15...)
[2017.06.09-08.05.14:312][834]LogHttp:Warning: 00000198F7867B80: libcurl info message cache 2 (Connected to 192.168.0.15 (192.168.0.15) port 3128 (#8))
[2017.06.09-08.05.14:312][834]LogHttp:Warning: 00000198F7867B80: libcurl info message cache 3 (Establish HTTP proxy tunnel to datarouter.ol.epicgames.com:443)
[2017.06.09-08.05.14:312][834]LogHttp:Warning: 00000198F7867B80: libcurl info message cache 4 (Proxy replied OK to CONNECT request)
[2017.06.09-08.05.14:312][834]LogHttp:Warning: 00000198F7867B80: libcurl info message cache 5 (ALPN, offering http/1.1)
[2017.06.09-08.05.14:312][834]LogHttp:Warning: 00000198F7867B80: libcurl info message cache 6 (Cipher selection: ALL:!EXPORT:!EXPORT40:!EXPORT56:!aNULL:!LOW:!RC4:@STRENGTH)
[2017.06.09-08.05.14:312][834]LogHttp:Warning: 00000198F7867B80: libcurl info message cache 7 (TLSv1.2 (OUT), TLS header, Certificate Status (22):)
[2017.06.09-08.05.14:312][834]LogHttp:Warning: 00000198F7867B80: libcurl info message cache 8 (TLSv1.2 (OUT), TLS handshake, Client hello (1):)
[2017.06.09-08.05.14:312][834]LogHttp:Warning: 00000198F7867B80: libcurl info message cache 9 (TLSv1.2 (IN), TLS handshake, Server hello (2):)
[2017.06.09-08.05.14:312][834]LogHttp:Warning: 00000198F7867B80: libcurl info message cache 10 (TLSv1.2 (IN), TLS handshake, Certificate (11):)
[2017.06.09-08.05.14:312][834]LogHttp:Warning: 00000198F7867B80: libcurl info message cache 11 (TLSv1.2 (IN), TLS handshake, Server key exchange (12):)
[2017.06.09-08.05.14:312][834]LogHttp:Warning: 00000198F7867B80: libcurl info message cache 12 (TLSv1.2 (IN), TLS handshake, Server finished (14):)
[2017.06.09-08.05.14:312][834]LogHttp:Warning: 00000198F7867B80: libcurl info message cache 13 (TLSv1.2 (OUT), TLS handshake, Client key exchange (16):)
[2017.06.09-08.05.14:312][834]LogHttp:Warning: 00000198F7867B80: libcurl info message cache 14 (TLSv1.2 (OUT), TLS change cipher, Client hello (1):)
[2017.06.09-08.05.14:312][834]LogHttp:Warning: 00000198F7867B80: libcurl info message cache 15 (TLSv1.2 (OUT), TLS handshake, Finished (20):)
[2017.06.09-08.05.14:312][834]LogHttp:Warning: 00000198F7867B80: libcurl info message cache 16 (TLSv1.2 (OUT), TLS alert, Server hello (2):)
[2017.06.09-08.05.14:312][834]LogHttp:Warning: 00000198F7867B80: libcurl info message cache 17 (error:1408F10B:SSL routines:SSL3_GET_RECORD:wrong version number)
[2017.06.09-08.05.14:312][834]LogHttp:Warning: 00000198F7867B80: libcurl info message cache 18 (Closing connection 8)
[2017.06.09-08.05.42:884][ 58]SourceControl: Info Source control is disabled
[2017.06.09-08.05.56:291][171]LogSlate: Took 0.108365 seconds to synchronously load lazily loaded font '../../../Engine/Content/Slate/Fonts/Roboto-Regular.ttf' (155K)
[2017.06.09-08.05.58:697][171]LogContentBrowser: Native class hierarchy updated for 'BlueprintGraph' in 0.0016 seconds. Added 112 classes and 0 folders.
[2017.06.09-08.06.00:775][171]LogSlate: Took 0.056672 seconds to synchronously load lazily loaded font '../../../Engine/Content/Editor/Slate/Fonts/Roboto-BoldCondensed.ttf' (158K)
[2017.06.09-08.06.01:367][172]LogSlate: Took 0.028718 seconds to synchronously load lazily loaded font '../../../Engine/Content/Editor/Slate/Fonts/Roboto-Italic.ttf' (157K)
[2017.06.09-08.06.13:067][828]LogHttp:Warning: 00000199125FAB00: request failed, libcurl error: 35 (SSL connect error)
[2017.06.09-08.06.13:067][828]LogHttp:Warning: 00000199125FAB00: libcurl info message cache 0 (Hostname in DNS cache was stale, zapped)
[2017.06.09-08.06.13:067][828]LogHttp:Warning: 00000199125FAB00: libcurl info message cache 1 (  Trying 192.168.0.15...)
[2017.06.09-08.06.13:067][828]LogHttp:Warning: 00000199125FAB00: libcurl info message cache 2 (Connected to 192.168.0.15 (192.168.0.15) port 3128 (#9))
[2017.06.09-08.06.13:067][828]LogHttp:Warning: 00000199125FAB00: libcurl info message cache 3 (Establish HTTP proxy tunnel to datarouter.ol.epicgames.com:443)
[2017.06.09-08.06.13:067][828]LogHttp:Warning: 00000199125FAB00: libcurl info message cache 4 (Proxy replied OK to CONNECT request)
[2017.06.09-08.06.13:067][828]LogHttp:Warning: 00000199125FAB00: libcurl info message cache 5 (ALPN, offering http/1.1)
[2017.06.09-08.06.13:067][828]LogHttp:Warning: 00000199125FAB00: libcurl info message cache 6 (Cipher selection: ALL:!EXPORT:!EXPORT40:!EXPORT56:!aNULL:!LOW:!RC4:@STRENGTH)
[2017.06.09-08.06.13:067][828]LogHttp:Warning: 00000199125FAB00: libcurl info message cache 7 (TLSv1.2 (OUT), TLS header, Certificate Status (22):)
[2017.06.09-08.06.13:067][828]LogHttp:Warning: 00000199125FAB00: libcurl info message cache 8 (TLSv1.2 (OUT), TLS handshake, Client hello (1):)
[2017.06.09-08.06.13:067][828]LogHttp:Warning: 00000199125FAB00: libcurl info message cache 9 (TLSv1.2 (IN), TLS handshake, Server hello (2):)
[2017.06.09-08.06.13:067][828]LogHttp:Warning: 00000199125FAB00: libcurl info message cache 10 (TLSv1.2 (IN), TLS handshake, Certificate (11):)
[2017.06.09-08.06.13:067][828]LogHttp:Warning: 00000199125FAB00: libcurl info message cache 11 (TLSv1.2 (IN), TLS handshake, Server key exchange (12):)
[2017.06.09-08.06.13:067][828]LogHttp:Warning: 00000199125FAB00: libcurl info message cache 12 (TLSv1.2 (IN), TLS handshake, Server finished (14):)
[2017.06.09-08.06.13:067][828]LogHttp:Warning: 00000199125FAB00: libcurl info message cache 13 (TLSv1.2 (OUT), TLS handshake, Client key exchange (16):)
[2017.06.09-08.06.13:067][828]LogHttp:Warning: 00000199125FAB00: libcurl info message cache 14 (TLSv1.2 (OUT), TLS change cipher, Client hello (1):)
[2017.06.09-08.06.13:067][828]LogHttp:Warning: 00000199125FAB00: libcurl info message cache 15 (TLSv1.2 (OUT), TLS handshake, Finished (20):)
[2017.06.09-08.06.13:067][828]LogHttp:Warning: 00000199125FAB00: libcurl info message cache 16 (TLSv1.2 (OUT), TLS alert, Server hello (2):)
[2017.06.09-08.06.13:067][828]LogHttp:Warning: 00000199125FAB00: libcurl info message cache 17 (error:1408F10B:SSL routines:SSL3_GET_RECORD:wrong version number)
[2017.06.09-08.06.13:067][828]LogHttp:Warning: 00000199125FAB00: libcurl info message cache 18 (Closing connection 9)
[2017.06.09-08.06.14:711][916]BlueprintLog: New page: Compile BPBall
[2017.06.09-08.06.15:506][918]BlueprintLog: New page: Compile BPBall
[2017.06.09-08.06.16:658][918]LogD3D11RHI: Timed out while waiting for GPU to catch up. (0.5 s)
[2017.06.09-08.06.18:121][921]LogD3D11RHI: Timed out while waiting for GPU to catch up. (0.5 s)
[2017.06.09-08.06.26:503][355]LogEditorViewport: Clicking Background
[2017.06.09-08.06.28:900][378]LogEditorViewport: Clicking on Actor (LMB): BPBall_C (BPBall)
[2017.06.09-08.06.36:492][448]Cmd: OBJ SAVEPACKAGE PACKAGE="/Game/Levels/Level1" FILE="../../../../../temp/UE/Bounce/Content/Levels/Level1.umap" SILENT=true AUTOSAVING=false KEEPDIRTY=false
[2017.06.09-08.06.36:741][448]LogSavePackage: Save=149.52ms
[2017.06.09-08.06.36:741][448]LogSavePackage: Moving '../../../../../temp/UE/Bounce/Saved/Level183A8614A409B4CE4D72EA2ABDC7BA781.tmp' to '../../../../../temp/UE/Bounce/Content/Levels/Level1.umap'
[2017.06.09-08.06.36:753][448]LogSavePackage:Display: Finished SavePackage ../../../../../temp/UE/Bounce/Content/Levels/Level1.umap
[2017.06.09-08.06.45:864][604]Cmd: OBJ SAVEPACKAGE PACKAGE="/Game/Blueprints/BPBall" FILE="../../../../../temp/UE/Bounce/Content/Blueprints/BPBall.uasset" SILENT=true
[2017.06.09-08.06.45:914][604]LogSavePackage: Save=46.35ms
[2017.06.09-08.06.45:914][604]LogSavePackage: Moving '../../../../../temp/UE/Bounce/Saved/BPBall590A940F402163E607FD62AB6BE14265.tmp' to '../../../../../temp/UE/Bounce/Content/Blueprints/BPBall.uasset'
[2017.06.09-08.06.45:916][604]LogSavePackage:Display: Finished SavePackage ../../../../../temp/UE/Bounce/Content/Blueprints/BPBall.uasset
[2017.06.09-08.06.58:099][810]Cmd: OBJ SAVEPACKAGE PACKAGE="/Game/Levels/Level1" FILE="../../../../../temp/UE/Bounce/Content/Levels/Level1.umap" SILENT=true AUTOSAVING=false KEEPDIRTY=false
[2017.06.09-08.06.58:185][810]LogSavePackage: Save=29.66ms
[2017.06.09-08.06.58:185][810]LogSavePackage: Moving '../../../../../temp/UE/Bounce/Saved/Level1B64F8259426513696BC9ABA52FCA8CD4.tmp' to '../../../../../temp/UE/Bounce/Content/Levels/Level1.umap'
[2017.06.09-08.06.58:187][810]LogSavePackage:Display: Finished SavePackage ../../../../../temp/UE/Bounce/Content/Levels/Level1.umap
[2017.06.09-08.06.59:656][831]LogWindowsTextInputMethodSystem:Display: IME system now deactivated.
[2017.06.09-08.07.00:149][832]Cmd: QUIT_EDITOR
[2017.06.09-08.07.00:400][832]LogExit: Preparing to exit.
[2017.06.09-08.07.01:368][832]LogDirectoryWatcher: A directory notification for 'C:/temp/UE/Bounce/Content/' was aborted.
[2017.06.09-08.07.01:643][832]LogExit: Editor shut down
[2017.06.09-08.07.01:644][832]LogExit: Transaction tracking system shut down
[2017.06.09-08.07.03:258][832]LogObj: Freed 0b from 0 cluster array pools.
[2017.06.09-08.07.03:258][832]LogExit: Object subsystem successfully closed.
[2017.06.09-08.07.03:446][832]LogD3D11RHI: Shutdown
[2017.06.09-08.07.03:446][832]LogD3D11RHI: CleanupD3DDevice
[2017.06.09-08.07.03:710][832]LogD3D11RHI: ~FD3D11DynamicRHI
[2017.06.09-08.07.04:390][832]LogModuleManager: Shutting down and abandoning module BlueprintGraph (502)
[2017.06.09-08.07.04:390][832]LogModuleManager: Shutting down and abandoning module BlueprintProfiler (500)
[2017.06.09-08.07.04:414][832]LogModuleManager: Shutting down and abandoning module HierarchicalLODOutliner (498)
[2017.06.09-08.07.04:422][832]LogModuleManager: Shutting down and abandoning module CrashTracker (496)
[2017.06.09-08.07.04:422][832]LogModuleManager: Shutting down and abandoning module SceneOutliner (494)
[2017.06.09-08.07.04:422][832]LogModuleManager: Shutting down and abandoning module AddContentDialog (492)
[2017.06.09-08.07.04:436][832]LogDirectoryWatcher: A directory notification for 'C:/Program Files/UE_4.15/FeaturePacks/' was aborted.
[2017.06.09-08.07.04:441][832]LogModuleManager: Shutting down and abandoning module WidgetCarousel (491)
[2017.06.09-08.07.04:441][832]LogModuleManager: Shutting down and abandoning module EditorWidgets (488)
[2017.06.09-08.07.04:441][832]LogModuleManager: Shutting down and abandoning module CollectionManager (486)
[2017.06.09-08.07.04:442][832]LogDirectoryWatcher: A directory notification for 'C:/temp/UE/Bounce/Content/Collections/' was aborted.
[2017.06.09-08.07.04:442][832]LogDirectoryWatcher: A directory notification for 'C:/temp/UE/Bounce/Content/Developers/sderbenev/Collections/' was aborted.
[2017.06.09-08.07.04:442][832]LogDirectoryWatcher: A directory notification for 'C:/temp/UE/Bounce/Saved/Collections/' was aborted.
[2017.06.09-08.07.04:442][832]LogModuleManager: Shutting down and abandoning module StatsViewer (484)
[2017.06.09-08.07.04:450][832]LogModuleManager: Shutting down and abandoning module FoliageEdit (482)
[2017.06.09-08.07.04:453][832]LogModuleManager: Shutting down and abandoning module LandscapeEditor (480)
[2017.06.09-08.07.04:461][832]LogModuleManager: Shutting down and abandoning module SceneDepthPickerMode (478)
[2017.06.09-08.07.04:461][832]LogModuleManager: Shutting down and abandoning module ActorPickerMode (476)
[2017.06.09-08.07.04:461][832]LogModuleManager: Shutting down and abandoning module GeometryMode (474)
[2017.06.09-08.07.04:461][832]LogModuleManager: Shutting down and abandoning module TextureAlignMode (472)
[2017.06.09-08.07.04:461][832]LogModuleManager: Shutting down and abandoning module BspMode (470)
[2017.06.09-08.07.04:471][832]LogModuleManager: Shutting down and abandoning module HardwareSurvey (468)
[2017.06.09-08.07.04:477][832]LogModuleManager: Shutting down and abandoning module SequenceRecorderSections (466)
[2017.06.09-08.07.04:485][832]LogModuleManager: Shutting down and abandoning module AutomationWorker (464)
[2017.06.09-08.07.04:495][832]LogModuleManager: Shutting down and abandoning module MatineeToLevelSequence (462)
[2017.06.09-08.07.04:504][832]LogModuleManager: Shutting down and abandoning module LevelSequenceEditor (460)
[2017.06.09-08.07.04:541][832]LogModuleManager: Shutting down and abandoning module PlacementMode (459)
[2017.06.09-08.07.04:541][832]LogModuleManager: Shutting down and abandoning module WmfMediaFactory (456)
[2017.06.09-08.07.04:541][832]LogModuleManager: Shutting down and abandoning module WmfMediaEditor (454)
[2017.06.09-08.07.04:541][832]LogModuleManager: Shutting down and abandoning module MfMediaFactory (452)
[2017.06.09-08.07.04:541][832]LogModuleManager: Shutting down and abandoning module MfMediaEditor (450)
[2017.06.09-08.07.04:541][832]LogModuleManager: Shutting down and abandoning module AvfMediaFactory (448)
[2017.06.09-08.07.04:541][832]LogModuleManager: Shutting down and abandoning module AvfMediaEditor (446)
[2017.06.09-08.07.04:541][832]LogModuleManager: Shutting down and abandoning module AndroidMediaFactory (444)
[2017.06.09-08.07.04:541][832]LogModuleManager: Shutting down and abandoning module Media (443)
[2017.06.09-08.07.04:541][832]LogModuleManager: Shutting down and abandoning module AndroidMediaEditor (440)
[2017.06.09-08.07.04:541][832]LogModuleManager: Shutting down and abandoning module CharacterAI (438)
[2017.06.09-08.07.04:541][832]LogModuleManager: Shutting down and abandoning module AudioCapture (436)
[2017.06.09-08.07.04:556][832]LogModuleManager: Shutting down and abandoning module SequenceRecorder (435)
[2017.06.09-08.07.04:570][832]LogModuleManager: Shutting down and abandoning module SmartSnapping (432)
[2017.06.09-08.07.04:570][832]LogModuleManager: Shutting down and abandoning module SessionServices (430)
[2017.06.09-08.07.04:570][832]LogModuleManager: Shutting down and abandoning module ViewportSnapping (428)
[2017.06.09-08.07.04:570][832]LogModuleManager: Shutting down and abandoning module ViewportInteraction (426)
[2017.06.09-08.07.04:570][832]LogModuleManager: Shutting down and abandoning module LogVisualizer (424)
[2017.06.09-08.07.04:582][832]LogModuleManager: Shutting down and abandoning module IntroTutorials (422)
[2017.06.09-08.07.04:586][832]LogModuleManager: Shutting down and abandoning module GameProjectGeneration (421)
[2017.06.09-08.07.04:595][832]LogModuleManager: Shutting down and abandoning module EditorLiveStreaming (418)
[2017.06.09-08.07.04:595][832]LogModuleManager: Shutting down and abandoning module IOSPlatformEditor (416)
[2017.06.09-08.07.04:595][832]LogModuleManager: Shutting down and abandoning module HTML5PlatformEditor (414)
[2017.06.09-08.07.04:595][832]LogModuleManager: Shutting down and abandoning module AndroidPlatformEditor (412)
[2017.06.09-08.07.04:609][832]LogModuleManager: Shutting down and abandoning module AndroidDeviceDetection (411)
[2017.06.09-08.07.05:592][832]LogModuleManager: Shutting down and abandoning module IOSRuntimeSettings (408)
[2017.06.09-08.07.05:592][832]LogModuleManager: Shutting down and abandoning module AndroidRuntimeSettings (406)
[2017.06.09-08.07.05:592][832]LogModuleManager: Shutting down and abandoning module InputBindingEditor (404)
[2017.06.09-08.07.05:609][832]LogModuleManager: Shutting down and abandoning module NiagaraEditor (402)
[2017.06.09-08.07.05:634][832]LogModuleManager: Shutting down and abandoning module MergeActors (400)
[2017.06.09-08.07.05:642][832]LogModuleManager: Shutting down and abandoning module SizeMap (398)
[2017.06.09-08.07.05:652][832]LogModuleManager: Shutting down and abandoning module TreeMap (396)
[2017.06.09-08.07.05:658][832]LogModuleManager: Shutting down and abandoning module ReferenceViewer (394)
[2017.06.09-08.07.05:658][832]LogModuleManager: Shutting down and abandoning module LocalizationDashboard (392)
[2017.06.09-08.07.05:669][832]LogModuleManager: Shutting down and abandoning module LocalizationService (391)
[2017.06.09-08.07.05:682][832]LogModuleManager: Shutting down and abandoning module HardwareTargeting (388)
[2017.06.09-08.07.05:682][832]LogModuleManager: Shutting down and abandoning module DeviceProfileEditor (386)
[2017.06.09-08.07.05:690][832]LogModuleManager: Shutting down and abandoning module UndoHistory (384)
[2017.06.09-08.07.05:694][832]LogModuleManager: Shutting down and abandoning module UserFeedback (382)
[2017.06.09-08.07.05:694][832]LogModuleManager: Shutting down and abandoning module XmlParser (380)
[2017.06.09-08.07.05:701][832]LogModuleManager: Shutting down and abandoning module Blutility (378)
[2017.06.09-08.07.05:717][832]LogModuleManager: Shutting down and abandoning module ProjectSettingsViewer (376)
[2017.06.09-08.07.05:717][832]LogModuleManager: Shutting down and abandoning module ProjectTargetPlatformEditor (375)
[2017.06.09-08.07.05:718][832]LogModuleManager: Shutting down and abandoning module EditorSettingsViewer (372)
[2017.06.09-08.07.05:718][832]LogModuleManager: Shutting down and abandoning module SettingsEditor (370)
[2017.06.09-08.07.05:740][832]LogModuleManager: Shutting down and abandoning module ProjectLauncher (368)
[2017.06.09-08.07.05:751][832]LogModuleManager: Shutting down and abandoning module SessionFrontend (366)
[2017.06.09-08.07.05:759][832]LogModuleManager: Shutting down and abandoning module ProfilerClient (364)
[2017.06.09-08.07.05:774][832]LogModuleManager: Shutting down and abandoning module DeviceManager (362)
[2017.06.09-08.07.05:790][832]LogModuleManager: Shutting down and abandoning module TargetDeviceServices (361)
[2017.06.09-08.07.05:834][832]LogModuleManager: Shutting down and abandoning module AutomationController (358)
[2017.06.09-08.07.05:843][832]LogModuleManager: Shutting down and abandoning module AutomationWindow (356)
[2017.06.09-08.07.05:866][832]LogModuleManager: Shutting down and abandoning module Layers (354)
[2017.06.09-08.07.05:882][832]LogModuleManager: Shutting down and abandoning module ComponentVisualizers (352)
[2017.06.09-08.07.05:882][832]LogModuleManager: Shutting down and abandoning module DetailCustomizations (350)
[2017.06.09-08.07.05:901][832]LogModuleManager: Shutting down and abandoning module PackagesDialog (348)
[2017.06.09-08.07.05:901][832]LogModuleManager: Shutting down and abandoning module Persona (346)
[2017.06.09-08.07.05:927][832]LogModuleManager: Shutting down and abandoning module AnimGraph (345)
[2017.06.09-08.07.05:927][832]LogModuleManager: Shutting down and abandoning module Kismet (342)
[2017.06.09-08.07.05:931][832]LogModuleManager: Shutting down and abandoning module GraphEditor (340)
[2017.06.09-08.07.05:931][832]LogModuleManager: Shutting down and abandoning module ClassViewer (338)
[2017.06.09-08.07.05:931][832]LogModuleManager: Shutting down and abandoning module Toolbox (336)
[2017.06.09-08.07.05:937][832]LogModuleManager: Shutting down and abandoning module ModuleUI (334)
[2017.06.09-08.07.05:971][832]LogModuleManager: Shutting down and abandoning module MovieSceneTools (332)
[2017.06.09-08.07.05:989][832]LogModuleManager: Shutting down and abandoning module OutputLog (330)
[2017.06.09-08.07.06:003][832]LogModuleManager: Shutting down and abandoning module GammaUI (328)
[2017.06.09-08.07.06:034][832]LogModuleManager: Shutting down and abandoning module Documentation (326)
[2017.06.09-08.07.06:034][832]LogModuleManager: Shutting down and abandoning module Niagara (324)
[2017.06.09-08.07.06:034][832]LogModuleManager: Shutting down and abandoning module StreamingPauseRendering (322)
[2017.06.09-08.07.06:034][832]LogModuleManager: Shutting down and abandoning module AnalyticsET (320)
[2017.06.09-08.07.06:034][832]LogModuleManager: Shutting down and abandoning module PortalServices (318)
[2017.06.09-08.07.06:034][832]LogModuleManager: Shutting down and abandoning module PortalRpc (316)
[2017.06.09-08.07.06:034][832]LogModuleManager: Shutting down and abandoning module MessagingRpc (314)
[2017.06.09-08.07.06:034][832]LogModuleManager: Shutting down and abandoning module AIModule (312)
[2017.06.09-08.07.06:034][832]LogModuleManager: Shutting down and abandoning module GameplayDebugger (311)
[2017.06.09-08.07.06:044][832]LogModuleManager: Shutting down and abandoning module AITestSuite (309)
[2017.06.09-08.07.06:044][832]LogModuleManager: Shutting down and abandoning module ProfilerService (306)
[2017.06.09-08.07.06:048][832]LogModuleManager: Shutting down and abandoning module TaskGraph (304)
[2017.06.09-08.07.06:065][832]LogModuleManager: Shutting down and abandoning module SteamVRController (302)
[2017.06.09-08.07.06:065][832]LogModuleManager: Shutting down and abandoning module SteamVR (300)
[2017.06.09-08.07.06:065][832]LogModuleManager: Shutting down and abandoning module ProceduralMeshComponentEditor (298)
[2017.06.09-08.07.06:065][832]LogModuleManager: Shutting down and abandoning module ProceduralMeshComponent (296)
[2017.06.09-08.07.06:068][832]LogModuleManager: Shutting down and abandoning module OculusLibrary (294)
[2017.06.09-08.07.06:068][832]LogModuleManager: Shutting down and abandoning module OculusInput (292)
[2017.06.09-08.07.06:068][832]LogModuleManager: Shutting down and abandoning module MobilePatchingUtils (290)
[2017.06.09-08.07.06:068][832]LogModuleManager: Shutting down and abandoning module CustomMeshComponent (288)
[2017.06.09-08.07.06:068][832]LogModuleManager: Shutting down and abandoning module CableComponent (286)
[2017.06.09-08.07.06:075][832]LogModuleManager: Shutting down and abandoning module ArchVisCharacter (284)
[2017.06.09-08.07.06:075][832]LogModuleManager: Shutting down and abandoning module MediaPlayerEditor (280)
[2017.06.09-08.07.06:091][832]LogModuleManager: Shutting down and abandoning module HTML5Networking (278)
[2017.06.09-08.07.06:091][832]LogModuleManager: Shutting down and abandoning module AlembicImporter (276)
[2017.06.09-08.07.06:097][832]LogModuleManager: Shutting down and abandoning module AlembicLibrary (275)
[2017.06.09-08.07.06:097][832]LogModuleManager: Shutting down and abandoning module GeometryCache (274)
[2017.06.09-08.07.06:097][832]LogModuleManager: Shutting down and abandoning module GeometryCacheEd (273)
[2017.06.09-08.07.06:097][832]LogModuleManager: Shutting down and abandoning module SuperSearchEditor (268)
[2017.06.09-08.07.06:097][832]LogModuleManager: Shutting down and abandoning module SuperSearch (267)
[2017.06.09-08.07.06:097][832]LogModuleManager: Shutting down and abandoning module SpeedTreeImporter (264)
[2017.06.09-08.07.06:097][832]LogModuleManager: Shutting down and abandoning module PluginBrowser (262)
[2017.06.09-08.07.06:110][832]LogModuleManager: Shutting down and abandoning module MobileLauncherProfileWizard (260)
[2017.06.09-08.07.06:118][832]LogModuleManager: Shutting down and abandoning module EpicSurvey (258)
[2017.06.09-08.07.06:118][832]LogModuleManager: Shutting down and abandoning module VisualStudioSourceCodeAccess (256)
[2017.06.09-08.07.06:118][832]LogModuleManager: Shutting down and abandoning module DesktopPlatform (255)
[2017.06.09-08.07.06:118][832]LogModuleManager: Shutting down and abandoning module UObjectPlugin (252)
[2017.06.09-08.07.06:118][832]LogModuleManager: Shutting down and abandoning module SubversionSourceControl (250)
[2017.06.09-08.07.06:118][832]LogModuleManager: Shutting down and abandoning module PerforceSourceControl (248)
[2017.06.09-08.07.06:129][832]LogModuleManager: Shutting down and abandoning module GitSourceControl (246)
[2017.06.09-08.07.06:129][832]LogModuleManager: Shutting down and abandoning module SourceControl (245)
[2017.06.09-08.07.06:129][832]LogModuleManager: Shutting down and abandoning module LightPropagationVolumeEditor (242)
[2017.06.09-08.07.06:129][832]LogModuleManager: Shutting down and abandoning module PaperTiledImporter (240)
[2017.06.09-08.07.06:129][832]LogModuleManager: Shutting down and abandoning module PaperSpriteSheetImporter (238)
[2017.06.09-08.07.06:129][832]LogModuleManager: Shutting down and abandoning module Paper2DEditor (236)
[2017.06.09-08.07.06:147][832]LogModuleManager: Shutting down and abandoning module MeshPaint (235)
[2017.06.09-08.07.06:158][832]LogModuleManager: Shutting down and abandoning module LevelEditor (233)
[2017.06.09-08.07.06:203][832]LogModuleManager: Shutting down and abandoning module PixelInspectorModule (232)
[2017.06.09-08.07.06:219][832]LogModuleManager: Shutting down and abandoning module MainFrame (230)
[2017.06.09-08.07.06:219][832]LogModuleManager: Shutting down and abandoning module HotReload (229)
[2017.06.09-08.07.06:245][832]LogModuleManager: Shutting down and abandoning module ContentBrowser (225)
[2017.06.09-08.07.06:247][832]LogModuleManager: Shutting down and abandoning module PhysXVehiclesEditor (222)
[2017.06.09-08.07.06:258][832]LogModuleManager: Shutting down and abandoning module PhysXVehicles (220)
[2017.06.09-08.07.06:258][832]LogModuleManager: Shutting down and abandoning module LocationServicesBPLibrary (218)
[2017.06.09-08.07.06:258][832]LogModuleManager: Shutting down and abandoning module UdpMessaging (216)
[2017.06.09-08.07.06:359][832]LogModuleManager: Shutting down and abandoning module TcpMessaging (214)
[2017.06.09-08.07.06:465][832]LogModuleManager: Shutting down and abandoning module GameplayTagsEditor (212)
[2017.06.09-08.07.06:472][832]LogModuleManager: Shutting down and abandoning module FacialAnimationEditor (210)
[2017.06.09-08.07.06:479][832]LogModuleManager: Shutting down and abandoning module FacialAnimation (208)
[2017.06.09-08.07.06:479][832]LogModuleManager: Shutting down and abandoning module LightPropagationVolumeRuntime (206)
[2017.06.09-08.07.06:479][832]LogModuleManager: Shutting down and abandoning module Paper2D (204)
[2017.06.09-08.07.06:489][832]LogModuleManager: Shutting down and abandoning module WindowsMoviePlayer (202)
[2017.06.09-08.07.06:498][832]LogModuleManager: Shutting down and abandoning module WmfMedia (200)
[2017.06.09-08.07.06:498][832]LogModuleManager: Shutting down and abandoning module MfMedia (198)
[2017.06.09-08.07.06:498][832]LogModuleManager: Shutting down and abandoning module MediaAssets (196)
[2017.06.09-08.07.06:498][832]LogModuleManager: Shutting down and abandoning module GameLiveStreaming (194)
[2017.06.09-08.07.06:507][832]LogModuleManager: Shutting down and abandoning module VREditor (192)
[2017.06.09-08.07.06:507][832]LogModuleManager: Shutting down and abandoning module GameplayTasksEditor (190)
[2017.06.09-08.07.06:507][832]LogModuleManager: Shutting down and abandoning module BehaviorTreeEditor (188)
[2017.06.09-08.07.06:525][832]LogModuleManager: Shutting down and abandoning module FunctionalTesting (186)
[2017.06.09-08.07.06:542][832]LogModuleManager: Shutting down and abandoning module CollisionAnalyzer (184)
[2017.06.09-08.07.06:556][832]LogModuleManager: Shutting down and abandoning module UMG (182)
[2017.06.09-08.07.06:578][832]LogModuleManager: Shutting down and abandoning module UMGEditor (181)
[2017.06.09-08.07.06:602][832]LogModuleManager: Shutting down and abandoning module Sequencer (180)
[2017.06.09-08.07.06:617][832]LogModuleManager: Shutting down and abandoning module AssetTools (178)
[2017.06.09-08.07.06:629][832]LogModuleManager: Shutting down and abandoning module MessageLog (177)
[2017.06.09-08.07.06:629][832]LogModuleManager: Shutting down and abandoning module WorkspaceMenuStructure (176)
[2017.06.09-08.07.06:630][832]LogModuleManager: Shutting down and abandoning module SlateReflector (170)
[2017.06.09-08.07.06:653][832]LogModuleManager: Shutting down and abandoning module Slate (168)
[2017.06.09-08.07.06:653][832]LogModuleManager: Shutting down and abandoning module EditorStyle (166)
[2017.06.09-08.07.06:656][832]LogModuleManager: Shutting down and abandoning module SourceCodeAccess (164)
[2017.06.09-08.07.06:659][832]LogModuleManager: Shutting down and abandoning module HeadMountedDisplay (162)
[2017.06.09-08.07.06:659][832]LogModuleManager: Shutting down and abandoning module XAudio2 (160)
[2017.06.09-08.07.06:659][832]LogModuleManager: Shutting down and abandoning module Networking (158)
[2017.06.09-08.07.06:659][832]LogModuleManager: Shutting down and abandoning module Core (154)
[2017.06.09-08.07.06:659][832]LogModuleManager: Shutting down and abandoning module AssetRegistry (152)
[2017.06.09-08.07.06:734][832]LogDirectoryWatcher: A directory notification for '../../../Engine/Content/' was aborted.
[2017.06.09-08.07.06:734][832]LogDirectoryWatcher: A directory notification for '../../../../../temp/UE/Bounce/Content/' was aborted.
[2017.06.09-08.07.06:734][832]LogDirectoryWatcher: A directory notification for '../../../Engine/Plugins/2D/Paper2D/Content/' was aborted.
[2017.06.09-08.07.06:743][832]LogModuleManager: Shutting down and abandoning module DirectoryWatcher (151)
[2017.06.09-08.07.06:745][832]LogModuleManager: Shutting down and abandoning module KismetCompiler (148)
[2017.06.09-08.07.06:745][832]LogModuleManager: Shutting down and abandoning module PhysXFormats (146)
[2017.06.09-08.07.06:745][832]LogModuleManager: Shutting down and abandoning module MeshUtilities (144)
[2017.06.09-08.07.06:760][832]LogModuleManager: Shutting down and abandoning module SimplygonSwarm (143)
[2017.06.09-08.07.06:765][832]LogModuleManager: Shutting down and abandoning module SimplygonMeshReduction (141)
[2017.06.09-08.07.06:765][832]LogModuleManager: Shutting down and abandoning module QuadricMeshReduction (139)
[2017.06.09-08.07.06:779][832]LogModuleManager: Shutting down and abandoning module PropertyEditor (137)
[2017.06.09-08.07.06:779][832]LogModuleManager: Shutting down and abandoning module DerivedDataCache (134)
[2017.06.09-08.07.06:863][832]LogDerivedDataCache: Shutdown
[2017.06.09-08.07.06:863][832]LogModuleManager: Shutting down and abandoning module TargetPlatform (132)
[2017.06.09-08.07.06:863][832]LogModuleManager: Shutting down and abandoning module VulkanShaderFormat (131)
[2017.06.09-08.07.06:900][832]LogModuleManager: Shutting down and abandoning module ShaderFormatOpenGL (129)
[2017.06.09-08.07.06:920][832]LogModuleManager: Shutting down and abandoning module ShaderFormatD3D (127)
[2017.06.09-08.07.06:925][832]LogModuleManager: Shutting down and abandoning module MetalShaderFormat (125)
[2017.06.09-08.07.06:935][832]LogModuleManager: Shutting down and abandoning module TextureFormatUncompressed (123)
[2017.06.09-08.07.06:935][832]LogModuleManager: Shutting down and abandoning module TextureFormatPVR (121)
[2017.06.09-08.07.06:935][832]LogModuleManager: Shutting down and abandoning module TextureFormatDXT (119)
[2017.06.09-08.07.06:944][832]LogModuleManager: Shutting down and abandoning module TextureFormatIntelISPCTexComp (117)
[2017.06.09-08.07.06:971][832]LogModuleManager: Shutting down and abandoning module TextureFormatASTC (115)
[2017.06.09-08.07.06:971][832]LogModuleManager: Shutting down and abandoning module ImageWrapper (114)
[2017.06.09-08.07.06:971][832]LogModuleManager: Shutting down and abandoning module TextureFormatAndroid (111)
[2017.06.09-08.07.06:971][832]LogModuleManager: Shutting down and abandoning module AudioFormatOpus (109)
[2017.06.09-08.07.06:982][832]LogModuleManager: Shutting down and abandoning module AudioFormatOgg (107)
[2017.06.09-08.07.06:982][832]LogModuleManager: Shutting down and abandoning module AudioFormatADPCM (105)
[2017.06.09-08.07.06:982][832]LogModuleManager: Shutting down and abandoning module LinuxTargetPlatform (103)
[2017.06.09-08.07.06:982][832]LogModuleManager: Shutting down and abandoning module LinuxServerTargetPlatform (101)
[2017.06.09-08.07.06:982][832]LogModuleManager: Shutting down and abandoning module LinuxNoEditorTargetPlatform (99)
[2017.06.09-08.07.06:982][832]LogModuleManager: Shutting down and abandoning module LinuxClientTargetPlatform (97)
[2017.06.09-08.07.06:982][832]LogModuleManager: Shutting down and abandoning module TVOSTargetPlatform (95)
[2017.06.09-08.07.06:982][832]LogModuleManager: Shutting down and abandoning module Messaging (93)
[2017.06.09-08.07.06:982][832]LogModuleManager: Shutting down and abandoning module IOSTargetPlatform (91)
[2017.06.09-08.07.06:982][832]LogModuleManager: Shutting down and abandoning module HTML5TargetPlatform (89)
[2017.06.09-08.07.06:982][832]LogModuleManager: Shutting down and abandoning module Android_PVRTCTargetPlatform (87)
[2017.06.09-08.07.06:982][832]LogModuleManager: Shutting down and abandoning module Android_MultiTargetPlatform (85)
[2017.06.09-08.07.06:982][832]LogModuleManager: Shutting down and abandoning module Android_ETC2TargetPlatform (83)
[2017.06.09-08.07.06:982][832]LogModuleManager: Shutting down and abandoning module Android_ETC1TargetPlatform (81)
[2017.06.09-08.07.06:982][832]LogModuleManager: Shutting down and abandoning module Android_DXTTargetPlatform (79)
[2017.06.09-08.07.06:982][832]LogModuleManager: Shutting down and abandoning module Android_ATCTargetPlatform (77)
[2017.06.09-08.07.06:982][832]LogModuleManager: Shutting down and abandoning module Android_ASTCTargetPlatform (75)
[2017.06.09-08.07.06:982][832]LogModuleManager: Shutting down and abandoning module AndroidTargetPlatform (73)
[2017.06.09-08.07.06:982][832]LogModuleManager: Shutting down and abandoning module WindowsTargetPlatform (71)
[2017.06.09-08.07.06:982][832]LogModuleManager: Shutting down and abandoning module WindowsServerTargetPlatform (69)
[2017.06.09-08.07.06:982][832]LogModuleManager: Shutting down and abandoning module WindowsNoEditorTargetPlatform (67)
[2017.06.09-08.07.06:982][832]LogModuleManager: Shutting down and abandoning module WindowsClientTargetPlatform (65)
[2017.06.09-08.07.06:982][832]LogModuleManager: Shutting down and abandoning module MacTargetPlatform (63)
[2017.06.09-08.07.06:982][832]LogModuleManager: Shutting down and abandoning module MacServerTargetPlatform (61)
[2017.06.09-08.07.06:982][832]LogModuleManager: Shutting down and abandoning module MacNoEditorTargetPlatform (59)
[2017.06.09-08.07.06:982][832]LogModuleManager: Shutting down and abandoning module MacClientTargetPlatform (57)
[2017.06.09-08.07.06:982][832]LogModuleManager: Shutting down and abandoning module AllDesktopTargetPlatform (55)
[2017.06.09-08.07.06:982][832]LogModuleManager: Shutting down and abandoning module InputCore (52)
[2017.06.09-08.07.06:982][832]LogModuleManager: Shutting down and abandoning module Settings (50)
[2017.06.09-08.07.06:982][832]LogModuleManager: Shutting down and abandoning module OculusRift (48)
[2017.06.09-08.07.06:992][832]LogModuleManager: Shutting down and abandoning module GearVR (46)
[2017.06.09-08.07.06:993][832]LogModuleManager: Shutting down and abandoning module ExampleDeviceProfileSelector (44)
[2017.06.09-08.07.06:993][832]LogModuleManager: Shutting down and abandoning module OnlineBlueprintSupport (42)
[2017.06.09-08.07.06:993][832]LogModuleManager: Shutting down and abandoning module OnlineSubsystem (38)
[2017.06.09-08.07.06:993][832]LogOnline:Display: Unloading online subsystem: NULL
[2017.06.09-08.07.06:998][832]LogModuleManager: Shutting down and abandoning module XMPP (37)
[2017.06.09-08.07.07:004][832]LogModuleManager: Shutting down and abandoning module HTTP (35)
[2017.06.09-08.07.07:008][832]LogHttp:Display: Http module shutting down, but needs to wait on 1 outstanding Http requests:
[2017.06.09-08.07.07:008][832]LogHttp:Display: 	verb=[POST] url=[https://datarouter.ol.epicgames.com/datarouter/api/v1/public/data?SessionID=%7BDA45EFBC-4F7D-241E-6B31-7586720F871E%7D&AppID=UEEditor.Rocket.Release&AppVersion=4.15.2-3416026%2B%2B%2BUE4%2BRelease-4.15&UserID=0efedb6648e53f9230fcacb6e787864e%7C35053d6930224189b7492a880ea5a234%7C505b2e49-2b3b-4a46-b675-7d142961aea4&AppEnvironment=datacollector-binary&UploadType=eteventstream] status=Processing
[2017.06.09-08.07.07:008][832]LogHttp:Warning: 00000198FCAC8280: request failed, libcurl error: 35 (SSL connect error)
[2017.06.09-08.07.07:008][832]LogHttp:Warning: 00000198FCAC8280: libcurl info message cache 0 (Hostname 192.168.0.15 was found in DNS cache)
[2017.06.09-08.07.07:008][832]LogHttp:Warning: 00000198FCAC8280: libcurl info message cache 1 (  Trying 192.168.0.15...)
[2017.06.09-08.07.07:008][832]LogHttp:Warning: 00000198FCAC8280: libcurl info message cache 2 (Connected to 192.168.0.15 (192.168.0.15) port 3128 (#10))
[2017.06.09-08.07.07:008][832]LogHttp:Warning: 00000198FCAC8280: libcurl info message cache 3 (Establish HTTP proxy tunnel to datarouter.ol.epicgames.com:443)
[2017.06.09-08.07.07:008][832]LogHttp:Warning: 00000198FCAC8280: libcurl info message cache 4 (Proxy replied OK to CONNECT request)
[2017.06.09-08.07.07:008][832]LogHttp:Warning: 00000198FCAC8280: libcurl info message cache 5 (ALPN, offering http/1.1)
[2017.06.09-08.07.07:008][832]LogHttp:Warning: 00000198FCAC8280: libcurl info message cache 6 (Cipher selection: ALL:!EXPORT:!EXPORT40:!EXPORT56:!aNULL:!LOW:!RC4:@STRENGTH)
[2017.06.09-08.07.07:008][832]LogHttp:Warning: 00000198FCAC8280: libcurl info message cache 7 (TLSv1.2 (OUT), TLS header, Certificate Status (22):)
[2017.06.09-08.07.07:008][832]LogHttp:Warning: 00000198FCAC8280: libcurl info message cache 8 (TLSv1.2 (OUT), TLS handshake, Client hello (1):)
[2017.06.09-08.07.07:008][832]LogHttp:Warning: 00000198FCAC8280: libcurl info message cache 9 (TLSv1.2 (IN), TLS handshake, Server hello (2):)
[2017.06.09-08.07.07:008][832]LogHttp:Warning: 00000198FCAC8280: libcurl info message cache 10 (TLSv1.2 (IN), TLS handshake, Certificate (11):)
[2017.06.09-08.07.07:008][832]LogHttp:Warning: 00000198FCAC8280: libcurl info message cache 11 (TLSv1.2 (IN), TLS handshake, Server key exchange (12):)
[2017.06.09-08.07.07:008][832]LogHttp:Warning: 00000198FCAC8280: libcurl info message cache 12 (TLSv1.2 (IN), TLS handshake, Server finished (14):)
[2017.06.09-08.07.07:008][832]LogHttp:Warning: 00000198FCAC8280: libcurl info message cache 13 (TLSv1.2 (OUT), TLS handshake, Client key exchange (16):)
[2017.06.09-08.07.07:008][832]LogHttp:Warning: 00000198FCAC8280: libcurl info message cache 14 (TLSv1.2 (OUT), TLS change cipher, Client hello (1):)
[2017.06.09-08.07.07:008][832]LogHttp:Warning: 00000198FCAC8280: libcurl info message cache 15 (TLSv1.2 (OUT), TLS handshake, Finished (20):)
[2017.06.09-08.07.07:008][832]LogHttp:Warning: 00000198FCAC8280: libcurl info message cache 16 (TLSv1.2 (OUT), TLS alert, Server hello (2):)
[2017.06.09-08.07.07:008][832]LogHttp:Warning: 00000198FCAC8280: libcurl info message cache 17 (error:1408F10B:SSL routines:SSL3_GET_RECORD:wrong version number)
[2017.06.09-08.07.07:008][832]LogHttp:Warning: 00000198FCAC8280: libcurl info message cache 18 (Closing connection 10)
[2017.06.09-08.07.07:035][832]LogModuleManager: Shutting down and abandoning module SSL (34)
[2017.06.09-08.07.07:052][832]LogModuleManager: Shutting down and abandoning module AudioEditor (30)
[2017.06.09-08.07.07:062][832]LogModuleManager: Shutting down and abandoning module TextureCompressor (28)
[2017.06.09-08.07.07:097][832]LogModuleManager: Shutting down and abandoning module ShaderCore (26)
[2017.06.09-08.07.07:097][832]LogModuleManager: Shutting down and abandoning module Landscape (24)
[2017.06.09-08.07.07:097][832]LogModuleManager: Shutting down and abandoning module SlateRHIRenderer (22)
[2017.06.09-08.07.07:111][832]LogModuleManager: Shutting down and abandoning module OpenGLDrv (20)
[2017.06.09-08.07.07:123][832]LogModuleManager: Shutting down and abandoning module D3D11RHI (18)
[2017.06.09-08.07.07:123][832]LogModuleManager: Shutting down and abandoning module AnimGraphRuntime (16)
[2017.06.09-08.07.07:125][832]LogModuleManager: Shutting down and abandoning module Renderer (14)
[2017.06.09-08.07.07:125][832]LogModuleManager: Shutting down and abandoning module Engine (12)
[2017.06.09-08.07.07:125][832]LogModuleManager: Shutting down and abandoning module CoreUObject (10)
[2017.06.09-08.07.07:125][832]LogModuleManager: Shutting down and abandoning module NetworkFile (8)
[2017.06.09-08.07.07:138][832]LogModuleManager: Shutting down and abandoning module StreamingFile (6)
[2017.06.09-08.07.07:148][832]LogModuleManager: Shutting down and abandoning module SandboxFile (4)
[2017.06.09-08.07.07:148][832]LogModuleManager: Shutting down and abandoning module PakFile (2)
[2017.06.09-08.07.07:156][832]LogExit: Exiting.
[2017.06.09-08.07.07:165][832]Log file closed, 06/09/17 15:07:07
